2016/05/15 16:52:28 [error] [exception.CHttpException.404] exception 'CHttpException' with message 'The system is unable to find the requested action "about".' in /home/jc/Workspace/ako/framework/web/CController.php:483
Stack trace:
#0 /home/jc/Workspace/ako/framework/web/CController.php(270): CController->missingAction('about')
#1 /home/jc/Workspace/ako/framework/web/CWebApplication.php(282): CController->run('about')
#2 /home/jc/Workspace/ako/framework/web/CWebApplication.php(141): CWebApplication->runController('site/about')
#3 /home/jc/Workspace/ako/framework/base/CApplication.php(185): CWebApplication->processRequest()
#4 /home/jc/Workspace/ako/index.php(13): CApplication->run()
#5 {main}
REQUEST_URI=/about
---
2016/05/15 17:08:04 [error] [exception.CHttpException.404] exception 'CHttpException' with message 'Unable to resolve the request "php".' in /home/jc/Workspace/ako/framework/web/CWebApplication.php:286
Stack trace:
#0 /home/jc/Workspace/ako/framework/web/CWebApplication.php(141): CWebApplication->runController('php')
#1 /home/jc/Workspace/ako/framework/base/CApplication.php(185): CWebApplication->processRequest()
#2 /home/jc/Workspace/ako/index.php(13): CApplication->run()
#3 {main}
REQUEST_URI=/php?r=gii
---
2016/05/15 17:08:39 [error] [exception.CDbException] exception 'CDbException' with message 'CDbConnection failed to open the DB connection: could not find driver' in /home/jc/Workspace/ako/framework/db/CDbConnection.php:399
Stack trace:
#0 /home/jc/Workspace/ako/framework/db/CDbConnection.php(347): CDbConnection->open()
#1 /home/jc/Workspace/ako/framework/db/CDbConnection.php(325): CDbConnection->setActive(true)
#2 /home/jc/Workspace/ako/framework/base/CModule.php(394): CDbConnection->init()
#3 /home/jc/Workspace/ako/framework/base/CModule.php(103): CModule->getComponent('db')
#4 /home/jc/Workspace/ako/framework/gii/generators/model/ModelCode.php(60): CModule->__get('db')
#5 /home/jc/Workspace/ako/framework/web/CFormModel.php(39): ModelCode->init()
#6 /home/jc/Workspace/ako/framework/gii/CCodeGenerator.php(153): CFormModel->__construct()
#7 /home/jc/Workspace/ako/framework/gii/CCodeGenerator.php(63): CCodeGenerator->prepare()
#8 /home/jc/Workspace/ako/framework/web/actions/CInlineAction.php(49): CCodeGenerator->actionIndex()
#9 /home/jc/Workspace/ako/framework/web/CController.php(308): CInlineAction->runWithParams(Array)
#10 /home/jc/Workspace/ako/framework/web/CController.php(286): CController->runAction(Object(CInlineAction))
#11 /home/jc/Workspace/ako/framework/web/CController.php(265): CController->runActionWithFilters(Object(CInlineAction), Array)
#12 /home/jc/Workspace/ako/framework/web/CWebApplication.php(282): CController->run('index')
#13 /home/jc/Workspace/ako/framework/web/CWebApplication.php(141): CWebApplication->runController('gii/model/index')
#14 /home/jc/Workspace/ako/framework/base/CApplication.php(185): CWebApplication->processRequest()
#15 /home/jc/Workspace/ako/index.php(13): CApplication->run()
#16 {main}
REQUEST_URI=/gii/model/index
HTTP_REFERER=http://ako.co/gii/default/index
---
2016/05/15 17:31:47 [error] [exception.CHttpException.404] exception 'CHttpException' with message 'The requested view "user" was not found.' in /home/jc/Workspace/ako/framework/web/actions/CViewAction.php:112
Stack trace:
#0 /home/jc/Workspace/ako/framework/web/actions/CViewAction.php(123): CViewAction->resolveView('user')
#1 /home/jc/Workspace/ako/framework/web/actions/CAction.php(76): CViewAction->run()
#2 /home/jc/Workspace/ako/framework/web/CController.php(308): CAction->runWithParams(Array)
#3 /home/jc/Workspace/ako/framework/web/CController.php(286): CController->runAction(Object(CViewAction))
#4 /home/jc/Workspace/ako/framework/web/CController.php(265): CController->runActionWithFilters(Object(CViewAction), Array)
#5 /home/jc/Workspace/ako/framework/web/CWebApplication.php(282): CController->run('page')
#6 /home/jc/Workspace/ako/framework/web/CWebApplication.php(141): CWebApplication->runController('site/page')
#7 /home/jc/Workspace/ako/framework/base/CApplication.php(185): CWebApplication->processRequest()
#8 /home/jc/Workspace/ako/index.php(13): CApplication->run()
#9 {main}
REQUEST_URI=/site/page?view=user
HTTP_REFERER=http://ako.co/user/index
---
2016/05/15 17:32:38 [error] [exception.CHttpException.404] exception 'CHttpException' with message 'The requested view "user" was not found.' in /home/jc/Workspace/ako/framework/web/actions/CViewAction.php:112
Stack trace:
#0 /home/jc/Workspace/ako/framework/web/actions/CViewAction.php(123): CViewAction->resolveView('user')
#1 /home/jc/Workspace/ako/framework/web/actions/CAction.php(76): CViewAction->run()
#2 /home/jc/Workspace/ako/framework/web/CController.php(308): CAction->runWithParams(Array)
#3 /home/jc/Workspace/ako/framework/web/CController.php(286): CController->runAction(Object(CViewAction))
#4 /home/jc/Workspace/ako/framework/web/CController.php(265): CController->runActionWithFilters(Object(CViewAction), Array)
#5 /home/jc/Workspace/ako/framework/web/CWebApplication.php(282): CController->run('page')
#6 /home/jc/Workspace/ako/framework/web/CWebApplication.php(141): CWebApplication->runController('site/page')
#7 /home/jc/Workspace/ako/framework/base/CApplication.php(185): CWebApplication->processRequest()
#8 /home/jc/Workspace/ako/index.php(13): CApplication->run()
#9 {main}
REQUEST_URI=/site/page?view=user
HTTP_REFERER=http://ako.co/user/index
---
2016/05/15 17:32:38 [error] [exception.CHttpException.404] exception 'CHttpException' with message 'The requested view "user" was not found.' in /home/jc/Workspace/ako/framework/web/actions/CViewAction.php:112
Stack trace:
#0 /home/jc/Workspace/ako/framework/web/actions/CViewAction.php(123): CViewAction->resolveView('user')
#1 /home/jc/Workspace/ako/framework/web/actions/CAction.php(76): CViewAction->run()
#2 /home/jc/Workspace/ako/framework/web/CController.php(308): CAction->runWithParams(Array)
#3 /home/jc/Workspace/ako/framework/web/CController.php(286): CController->runAction(Object(CViewAction))
#4 /home/jc/Workspace/ako/framework/web/CController.php(265): CController->runActionWithFilters(Object(CViewAction), Array)
#5 /home/jc/Workspace/ako/framework/web/CWebApplication.php(282): CController->run('page')
#6 /home/jc/Workspace/ako/framework/web/CWebApplication.php(141): CWebApplication->runController('site/page')
#7 /home/jc/Workspace/ako/framework/base/CApplication.php(185): CWebApplication->processRequest()
#8 /home/jc/Workspace/ako/index.php(13): CApplication->run()
#9 {main}
REQUEST_URI=/site/page?view=user
HTTP_REFERER=http://ako.co/user/index
---
2016/05/15 17:32:44 [error] [exception.CHttpException.404] exception 'CHttpException' with message 'The requested view "user" was not found.' in /home/jc/Workspace/ako/framework/web/actions/CViewAction.php:112
Stack trace:
#0 /home/jc/Workspace/ako/framework/web/actions/CViewAction.php(123): CViewAction->resolveView('user')
#1 /home/jc/Workspace/ako/framework/web/actions/CAction.php(76): CViewAction->run()
#2 /home/jc/Workspace/ako/framework/web/CController.php(308): CAction->runWithParams(Array)
#3 /home/jc/Workspace/ako/framework/web/CController.php(286): CController->runAction(Object(CViewAction))
#4 /home/jc/Workspace/ako/framework/web/CController.php(265): CController->runActionWithFilters(Object(CViewAction), Array)
#5 /home/jc/Workspace/ako/framework/web/CWebApplication.php(282): CController->run('page')
#6 /home/jc/Workspace/ako/framework/web/CWebApplication.php(141): CWebApplication->runController('site/page')
#7 /home/jc/Workspace/ako/framework/base/CApplication.php(185): CWebApplication->processRequest()
#8 /home/jc/Workspace/ako/index.php(13): CApplication->run()
#9 {main}
REQUEST_URI=/site/page?view=user
HTTP_REFERER=http://ako.co/user/index
---
2016/05/15 17:37:05 [error] [exception.CHttpException.404] exception 'CHttpException' with message 'The requested view "user" was not found.' in /home/jc/Workspace/ako/framework/web/actions/CViewAction.php:112
Stack trace:
#0 /home/jc/Workspace/ako/framework/web/actions/CViewAction.php(123): CViewAction->resolveView('user')
#1 /home/jc/Workspace/ako/framework/web/actions/CAction.php(76): CViewAction->run()
#2 /home/jc/Workspace/ako/framework/web/CController.php(308): CAction->runWithParams(Array)
#3 /home/jc/Workspace/ako/framework/web/CController.php(286): CController->runAction(Object(CViewAction))
#4 /home/jc/Workspace/ako/framework/web/CController.php(265): CController->runActionWithFilters(Object(CViewAction), Array)
#5 /home/jc/Workspace/ako/framework/web/CWebApplication.php(282): CController->run('page')
#6 /home/jc/Workspace/ako/framework/web/CWebApplication.php(141): CWebApplication->runController('site/page')
#7 /home/jc/Workspace/ako/framework/base/CApplication.php(185): CWebApplication->processRequest()
#8 /home/jc/Workspace/ako/index.php(13): CApplication->run()
#9 {main}
REQUEST_URI=/site/page?view=user
HTTP_REFERER=http://ako.co/user/index
---
