2016/05/30 08:51:14 [error] [exception.CHttpException.404] exception 'CHttpException' with message 'Unable to resolve the request "contact".' in /home/jc/Workspace/ako/framework/web/CWebApplication.php:286
Stack trace:
#0 /home/jc/Workspace/ako/framework/web/CWebApplication.php(141): CWebApplication->runController('contact')
#1 /home/jc/Workspace/ako/framework/base/CApplication.php(185): CWebApplication->processRequest()
#2 /home/jc/Workspace/ako/admin/index.php(13): CApplication->run()
#3 {main}
REQUEST_URI=/admin/contact
---
2016/05/30 09:11:45 [error] [exception.CHttpException.404] exception 'CHttpException' with message 'The system is unable to find the requested action "about".' in /home/jc/Workspace/ako/framework/web/CController.php:483
Stack trace:
#0 /home/jc/Workspace/ako/framework/web/CController.php(270): CController->missingAction('about')
#1 /home/jc/Workspace/ako/framework/web/CWebApplication.php(282): CController->run('about')
#2 /home/jc/Workspace/ako/framework/web/CWebApplication.php(141): CWebApplication->runController('site/about')
#3 /home/jc/Workspace/ako/framework/base/CApplication.php(185): CWebApplication->processRequest()
#4 /home/jc/Workspace/ako/admin/index.php(13): CApplication->run()
#5 {main}
REQUEST_URI=/admin/about
HTTP_REFERER=http://ako.co/admin/contact
---
2016/05/30 09:12:19 [error] [exception.CHttpException.404] exception 'CHttpException' with message 'The system is unable to find the requested action "about".' in /home/jc/Workspace/ako/framework/web/CController.php:483
Stack trace:
#0 /home/jc/Workspace/ako/framework/web/CController.php(270): CController->missingAction('about')
#1 /home/jc/Workspace/ako/framework/web/CWebApplication.php(282): CController->run('about')
#2 /home/jc/Workspace/ako/framework/web/CWebApplication.php(141): CWebApplication->runController('site/about')
#3 /home/jc/Workspace/ako/framework/base/CApplication.php(185): CWebApplication->processRequest()
#4 /home/jc/Workspace/ako/admin/index.php(13): CApplication->run()
#5 {main}
REQUEST_URI=/admin/about
HTTP_REFERER=http://ako.co/admin/contact
---
2016/05/30 09:12:23 [error] [exception.CHttpException.404] exception 'CHttpException' with message 'The system is unable to find the requested action "about".' in /home/jc/Workspace/ako/framework/web/CController.php:483
Stack trace:
#0 /home/jc/Workspace/ako/framework/web/CController.php(270): CController->missingAction('about')
#1 /home/jc/Workspace/ako/framework/web/CWebApplication.php(282): CController->run('about')
#2 /home/jc/Workspace/ako/framework/web/CWebApplication.php(141): CWebApplication->runController('site/about')
#3 /home/jc/Workspace/ako/framework/base/CApplication.php(185): CWebApplication->processRequest()
#4 /home/jc/Workspace/ako/admin/index.php(13): CApplication->run()
#5 {main}
REQUEST_URI=/admin/about
HTTP_REFERER=http://ako.co/admin/
---
2016/05/30 09:13:04 [error] [exception.CHttpException.404] exception 'CHttpException' with message 'The system is unable to find the requested action "about".' in /home/jc/Workspace/ako/framework/web/CController.php:483
Stack trace:
#0 /home/jc/Workspace/ako/framework/web/CController.php(270): CController->missingAction('about')
#1 /home/jc/Workspace/ako/framework/web/CWebApplication.php(282): CController->run('about')
#2 /home/jc/Workspace/ako/framework/web/CWebApplication.php(141): CWebApplication->runController('site/about')
#3 /home/jc/Workspace/ako/framework/base/CApplication.php(185): CWebApplication->processRequest()
#4 /home/jc/Workspace/ako/admin/index.php(13): CApplication->run()
#5 {main}
REQUEST_URI=/admin/about
HTTP_REFERER=http://ako.co/admin/
---
2016/05/30 09:19:23 [error] [php] Undefined variable: model (/home/jc/Workspace/ako/admin/protected/views/site/login.php:28)
Stack trace:
#0 /home/jc/Workspace/ako/framework/web/CController.php(869): SiteController->renderFile()
#1 /home/jc/Workspace/ako/framework/web/CController.php(782): SiteController->renderPartial()
#2 /home/jc/Workspace/ako/admin/protected/controllers/SiteController.php(32): SiteController->render()
#3 /home/jc/Workspace/ako/framework/web/actions/CInlineAction.php(49): SiteController->actionIndex()
#4 /home/jc/Workspace/ako/framework/web/CController.php(308): CInlineAction->runWithParams()
#5 /home/jc/Workspace/ako/framework/web/CController.php(286): SiteController->runAction()
#6 /home/jc/Workspace/ako/framework/web/CController.php(265): SiteController->runActionWithFilters()
#7 /home/jc/Workspace/ako/framework/web/CWebApplication.php(282): SiteController->run()
#8 /home/jc/Workspace/ako/framework/web/CWebApplication.php(141): CWebApplication->runController()
#9 /home/jc/Workspace/ako/framework/base/CApplication.php(185): CWebApplication->processRequest()
#10 /home/jc/Workspace/ako/admin/index.php(13): CWebApplication->run()
REQUEST_URI=/admin/
in /home/jc/Workspace/ako/admin/protected/views/site/login.php (28)
in /home/jc/Workspace/ako/admin/protected/controllers/SiteController.php (32)
in /home/jc/Workspace/ako/admin/index.php (13)
2016/05/30 09:24:07 [error] [php] Undefined variable: model (/home/jc/Workspace/ako/admin/protected/views/site/login.php:28)
Stack trace:
#0 /home/jc/Workspace/ako/framework/web/CController.php(869): SiteController->renderFile()
#1 /home/jc/Workspace/ako/framework/web/CController.php(782): SiteController->renderPartial()
#2 /home/jc/Workspace/ako/admin/protected/controllers/SiteController.php(32): SiteController->render()
#3 /home/jc/Workspace/ako/framework/web/actions/CInlineAction.php(49): SiteController->actionIndex()
#4 /home/jc/Workspace/ako/framework/web/CController.php(308): CInlineAction->runWithParams()
#5 /home/jc/Workspace/ako/framework/web/CController.php(286): SiteController->runAction()
#6 /home/jc/Workspace/ako/framework/web/CController.php(265): SiteController->runActionWithFilters()
#7 /home/jc/Workspace/ako/framework/web/CWebApplication.php(282): SiteController->run()
#8 /home/jc/Workspace/ako/framework/web/CWebApplication.php(141): CWebApplication->runController()
#9 /home/jc/Workspace/ako/framework/base/CApplication.php(185): CWebApplication->processRequest()
#10 /home/jc/Workspace/ako/admin/index.php(13): CWebApplication->run()
REQUEST_URI=/admin/
in /home/jc/Workspace/ako/admin/protected/views/site/login.php (28)
in /home/jc/Workspace/ako/admin/protected/controllers/SiteController.php (32)
in /home/jc/Workspace/ako/admin/index.php (13)
2016/05/30 09:26:40 [error] [exception.CException] exception 'CException' with message 'SiteController cannot find the requested view "site/login".' in /home/jc/Workspace/ako/framework/web/CController.php:878
Stack trace:
#0 /home/jc/Workspace/ako/framework/web/CController.php(782): CController->renderPartial('site/login', NULL, true)
#1 /home/jc/Workspace/ako/admin/protected/controllers/SiteController.php(32): CController->render('site/login')
#2 /home/jc/Workspace/ako/framework/web/actions/CInlineAction.php(49): SiteController->actionIndex()
#3 /home/jc/Workspace/ako/framework/web/CController.php(308): CInlineAction->runWithParams(Array)
#4 /home/jc/Workspace/ako/framework/web/CController.php(286): CController->runAction(Object(CInlineAction))
#5 /home/jc/Workspace/ako/framework/web/CController.php(265): CController->runActionWithFilters(Object(CInlineAction), Array)
#6 /home/jc/Workspace/ako/framework/web/CWebApplication.php(282): CController->run('index')
#7 /home/jc/Workspace/ako/framework/web/CWebApplication.php(141): CWebApplication->runController('site/index')
#8 /home/jc/Workspace/ako/framework/base/CApplication.php(185): CWebApplication->processRequest()
#9 /home/jc/Workspace/ako/admin/index.php(13): CApplication->run()
#10 {main}
REQUEST_URI=/admin/
---
2016/05/30 09:28:11 [error] [exception.CException] exception 'CException' with message 'SiteController cannot find the requested view "site/login".' in /home/jc/Workspace/ako/framework/web/CController.php:878
Stack trace:
#0 /home/jc/Workspace/ako/framework/web/CController.php(782): CController->renderPartial('site/login', NULL, true)
#1 /home/jc/Workspace/ako/admin/protected/controllers/SiteController.php(32): CController->render('site/login')
#2 /home/jc/Workspace/ako/framework/web/actions/CInlineAction.php(49): SiteController->actionIndex()
#3 /home/jc/Workspace/ako/framework/web/CController.php(308): CInlineAction->runWithParams(Array)
#4 /home/jc/Workspace/ako/framework/web/CController.php(286): CController->runAction(Object(CInlineAction))
#5 /home/jc/Workspace/ako/framework/web/CController.php(265): CController->runActionWithFilters(Object(CInlineAction), Array)
#6 /home/jc/Workspace/ako/framework/web/CWebApplication.php(282): CController->run('index')
#7 /home/jc/Workspace/ako/framework/web/CWebApplication.php(141): CWebApplication->runController('site/index')
#8 /home/jc/Workspace/ako/framework/base/CApplication.php(185): CWebApplication->processRequest()
#9 /home/jc/Workspace/ako/admin/index.php(13): CApplication->run()
#10 {main}
REQUEST_URI=/admin/
---
2016/05/30 09:29:31 [error] [php] Undefined variable: model (/home/jc/Workspace/ako/admin/protected/controllers/SiteController.php:33)
Stack trace:
#0 /home/jc/Workspace/ako/framework/web/CController.php(286): SiteController->runAction()
#1 /home/jc/Workspace/ako/framework/web/CController.php(265): SiteController->runActionWithFilters()
#2 /home/jc/Workspace/ako/framework/web/CWebApplication.php(282): SiteController->run()
#3 /home/jc/Workspace/ako/framework/web/CWebApplication.php(141): CWebApplication->runController()
#4 /home/jc/Workspace/ako/framework/base/CApplication.php(185): CWebApplication->processRequest()
#5 /home/jc/Workspace/ako/admin/index.php(13): CWebApplication->run()
REQUEST_URI=/admin/
in /home/jc/Workspace/ako/admin/protected/controllers/SiteController.php (33)
in /home/jc/Workspace/ako/admin/index.php (13)
2016/05/30 09:29:34 [error] [php] Undefined variable: model (/home/jc/Workspace/ako/admin/protected/controllers/SiteController.php:33)
Stack trace:
#0 /home/jc/Workspace/ako/framework/web/CController.php(286): SiteController->runAction()
#1 /home/jc/Workspace/ako/framework/web/CController.php(265): SiteController->runActionWithFilters()
#2 /home/jc/Workspace/ako/framework/web/CWebApplication.php(282): SiteController->run()
#3 /home/jc/Workspace/ako/framework/web/CWebApplication.php(141): CWebApplication->runController()
#4 /home/jc/Workspace/ako/framework/base/CApplication.php(185): CWebApplication->processRequest()
#5 /home/jc/Workspace/ako/admin/index.php(13): CWebApplication->run()
REQUEST_URI=/admin/
in /home/jc/Workspace/ako/admin/protected/controllers/SiteController.php (33)
in /home/jc/Workspace/ako/admin/index.php (13)
2016/05/30 09:31:06 [error] [exception.CHttpException.404] exception 'CHttpException' with message 'The system is unable to find the requested action "login".' in /home/jc/Workspace/ako/framework/web/CController.php:483
Stack trace:
#0 /home/jc/Workspace/ako/framework/web/CController.php(270): CController->missingAction('login')
#1 /home/jc/Workspace/ako/framework/web/CWebApplication.php(282): CController->run('login')
#2 /home/jc/Workspace/ako/framework/web/CWebApplication.php(141): CWebApplication->runController('site/login')
#3 /home/jc/Workspace/ako/framework/base/CApplication.php(185): CWebApplication->processRequest()
#4 /home/jc/Workspace/ako/admin/index.php(13): CApplication->run()
#5 {main}
REQUEST_URI=/admin/login
HTTP_REFERER=http://ako.co/admin/
---
2016/05/30 09:47:21 [error] [php] Undefined variable: model (/home/jc/Workspace/ako/admin/protected/views/site/index.php:28)
Stack trace:
#0 /home/jc/Workspace/ako/framework/web/CController.php(869): SiteController->renderFile()
#1 /home/jc/Workspace/ako/framework/web/CController.php(782): SiteController->renderPartial()
#2 /home/jc/Workspace/ako/admin/protected/controllers/SiteController.php(32): SiteController->render()
#3 /home/jc/Workspace/ako/framework/web/actions/CInlineAction.php(49): SiteController->actionIndex()
#4 /home/jc/Workspace/ako/framework/web/CController.php(308): CInlineAction->runWithParams()
#5 /home/jc/Workspace/ako/framework/web/CController.php(286): SiteController->runAction()
#6 /home/jc/Workspace/ako/framework/web/CController.php(265): SiteController->runActionWithFilters()
#7 /home/jc/Workspace/ako/framework/web/CWebApplication.php(282): SiteController->run()
#8 /home/jc/Workspace/ako/framework/web/CWebApplication.php(141): CWebApplication->runController()
#9 /home/jc/Workspace/ako/framework/base/CApplication.php(185): CWebApplication->processRequest()
#10 /home/jc/Workspace/ako/admin/index.php(13): CWebApplication->run()
REQUEST_URI=/admin/
in /home/jc/Workspace/ako/admin/protected/views/site/index.php (28)
in /home/jc/Workspace/ako/admin/protected/controllers/SiteController.php (32)
in /home/jc/Workspace/ako/admin/index.php (13)
2016/05/30 09:47:33 [error] [php] Undefined variable: model (/home/jc/Workspace/ako/admin/protected/views/site/index.php:28)
Stack trace:
#0 /home/jc/Workspace/ako/framework/web/CController.php(869): SiteController->renderFile()
#1 /home/jc/Workspace/ako/framework/web/CController.php(782): SiteController->renderPartial()
#2 /home/jc/Workspace/ako/admin/protected/controllers/SiteController.php(32): SiteController->render()
#3 /home/jc/Workspace/ako/framework/web/actions/CInlineAction.php(49): SiteController->actionIndex()
#4 /home/jc/Workspace/ako/framework/web/CController.php(308): CInlineAction->runWithParams()
#5 /home/jc/Workspace/ako/framework/web/CController.php(286): SiteController->runAction()
#6 /home/jc/Workspace/ako/framework/web/CController.php(265): SiteController->runActionWithFilters()
#7 /home/jc/Workspace/ako/framework/web/CWebApplication.php(282): SiteController->run()
#8 /home/jc/Workspace/ako/framework/web/CWebApplication.php(141): CWebApplication->runController()
#9 /home/jc/Workspace/ako/framework/base/CApplication.php(185): CWebApplication->processRequest()
#10 /home/jc/Workspace/ako/admin/index.php(13): CWebApplication->run()
REQUEST_URI=/admin/
in /home/jc/Workspace/ako/admin/protected/views/site/index.php (28)
in /home/jc/Workspace/ako/admin/protected/controllers/SiteController.php (32)
in /home/jc/Workspace/ako/admin/index.php (13)
2016/05/30 09:51:08 [error] [php] Undefined variable: model (/home/jc/Workspace/ako/admin/protected/views/site/index.php:28)
Stack trace:
#0 /home/jc/Workspace/ako/framework/web/CController.php(869): SiteController->renderFile()
#1 /home/jc/Workspace/ako/framework/web/CController.php(782): SiteController->renderPartial()
#2 /home/jc/Workspace/ako/admin/protected/controllers/SiteController.php(34): SiteController->render()
#3 /home/jc/Workspace/ako/framework/web/actions/CInlineAction.php(49): SiteController->actionIndex()
#4 /home/jc/Workspace/ako/framework/web/CController.php(308): CInlineAction->runWithParams()
#5 /home/jc/Workspace/ako/framework/web/CController.php(286): SiteController->runAction()
#6 /home/jc/Workspace/ako/framework/web/CController.php(265): SiteController->runActionWithFilters()
#7 /home/jc/Workspace/ako/framework/web/CWebApplication.php(282): SiteController->run()
#8 /home/jc/Workspace/ako/framework/web/CWebApplication.php(141): CWebApplication->runController()
#9 /home/jc/Workspace/ako/framework/base/CApplication.php(185): CWebApplication->processRequest()
#10 /home/jc/Workspace/ako/admin/index.php(13): CWebApplication->run()
REQUEST_URI=/admin/
in /home/jc/Workspace/ako/admin/protected/views/site/index.php (28)
in /home/jc/Workspace/ako/admin/protected/controllers/SiteController.php (34)
in /home/jc/Workspace/ako/admin/index.php (13)
